<?xml version="1.0" encoding="UTF-8"?>
<!-- Generated by org.testng.reporters.JUnitReportReporter -->
<testsuite skipped="0" hostname="GDC-VikasKu-LPT" name="com.mcmpay.test.LoginTest" tests="1" failures="0" timestamp="06 Mar 2019 18:03:57 GMT" time="2.245" errors="0">
  <testcase name="login" time="2.245" classname="com.mcmpay.test.LoginTest"/>
</testsuite> <!-- com.mcmpay.test.LoginTest -->
